# JRE version: OpenJDK Runtime Environment (17.0.11) (build 17.0.11+0--11852314)
# Java VM: OpenJDK 64-Bit Server VM (17.0.11+0--11852314, mixed mode, tiered, compressed oops, compressed class ptrs, g1 gc, windows-amd64)
GC Precious Log:
 CPUs: 4 total, 4 available
 Memory: 8090M
 Large Page Support: Disabled
 NUMA Support: Disabled
 Compressed Oops: Enabled (32-bit)
 Heap Region Size: 1M
 Heap Min Capacity: 8M
 Heap Initial Capacity: 128M
 Heap Max Capacity: 2G
 Pre-touch: Disabled
 Parallel Workers: 4
 Concurrent Workers: 1
 Concurrent Refinement Workers: 4
 Periodic GC: Disabled
Heap:
 garbage-first heap   total 131072K, used 44582K [0x0000000080000000, 0x0000000100000000)
  region size 1024K, 1 young (1024K), 1 survivors (1024K)
 Metaspace       used 56989K, committed 57536K, reserved 1114112K
  class space    used 7790K, committed 8064K, reserved 1048576K
GC Heap History (20 events):
Event: 18.738 GC heap after
{Heap after GC invocations=14 (full 0):
 garbage-first heap   total 68608K, used 32920K [0x0000000080000000, 0x0000000100000000)
  region size 1024K, 3 young (3072K), 3 survivors (3072K)
 Metaspace       used 47371K, committed 47808K, reserved 1114112K
  class space    used 6463K, committed 6656K, reserved 1048576K
}
Event: 19.926 GC heap before
{Heap before GC invocations=14 (full 0):
 garbage-first heap   total 68608K, used 54424K [0x0000000080000000, 0x0000000100000000)
  region size 1024K, 24 young (24576K), 3 survivors (3072K)
 Metaspace       used 50253K, committed 50688K, reserved 1114112K
  class space    used 6901K, committed 7104K, reserved 1048576K
}
Event: 19.936 GC heap after
{Heap after GC invocations=15 (full 0):
 garbage-first heap   total 68608K, used 34287K [0x0000000080000000, 0x0000000100000000)
  region size 1024K, 3 young (3072K), 3 survivors (3072K)
 Metaspace       used 50253K, committed 50688K, reserved 1114112K
  class space    used 6901K, committed 7104K, reserved 1048576K
}
Event: 20.911 GC heap before
{Heap before GC invocations=15 (full 0):
 garbage-first heap   total 68608K, used 52719K [0x0000000080000000, 0x0000000100000000)
  region size 1024K, 23 young (23552K), 3 survivors (3072K)
 Metaspace       used 52497K, committed 52928K, reserved 1114112K
  class space    used 7284K, committed 7488K, reserved 1048576K
}
Event: 20.922 GC heap after
{Heap after GC invocations=16 (full 0):
 garbage-first heap   total 68608K, used 35591K [0x0000000080000000, 0x0000000100000000)
  region size 1024K, 3 young (3072K), 3 survivors (3072K)
 Metaspace       used 52497K, committed 52928K, reserved 1114112K
  class space    used 7284K, committed 7488K, reserved 1048576K
}
Event: 22.179 GC heap before
{Heap before GC invocations=17 (full 0):
 garbage-first heap   total 68608K, used 57095K [0x0000000080000000, 0x0000000100000000)
  region size 1024K, 22 young (22528K), 3 survivors (3072K)
 Metaspace       used 55287K, committed 55808K, reserved 1114112K
  class space    used 7615K, committed 7872K, reserved 1048576K
}
Event: 22.188 GC heap after
{Heap after GC invocations=18 (full 0):
 garbage-first heap   total 68608K, used 36474K [0x0000000080000000, 0x0000000100000000)
  region size 1024K, 3 young (3072K), 3 survivors (3072K)
 Metaspace       used 55287K, committed 55808K, reserved 1114112K
  class space    used 7615K, committed 7872K, reserved 1048576K
}
Event: 22.268 GC heap before
{Heap before GC invocations=18 (full 0):
 garbage-first heap   total 68608K, used 37498K [0x0000000080000000, 0x0000000100000000)
  region size 1024K, 4 young (4096K), 3 survivors (3072K)
 Metaspace       used 55378K, committed 55872K, reserved 1114112K
  class space    used 7631K, committed 7872K, reserved 1048576K
}
Event: 22.276 GC heap after
{Heap after GC invocations=19 (full 0):
 garbage-first heap   total 68608K, used 36387K [0x0000000080000000, 0x0000000100000000)
  region size 1024K, 1 young (1024K), 1 survivors (1024K)
 Metaspace       used 55378K, committed 55872K, reserved 1114112K
  class space    used 7631K, committed 7872K, reserved 1048576K
}
Event: 23.729 GC heap before
{Heap before GC invocations=19 (full 0):
 garbage-first heap   total 68608K, used 53795K [0x0000000080000000, 0x0000000100000000)
  region size 1024K, 19 young (19456K), 1 survivors (1024K)
 Metaspace       used 56162K, committed 56640K, reserved 1114112K
  class space    used 7697K, committed 7936K, reserved 1048576K
}
Event: 23.738 GC heap after
{Heap after GC invocations=20 (full 0):
 garbage-first heap   total 68608K, used 39060K [0x0000000080000000, 0x0000000100000000)
  region size 1024K, 3 young (3072K), 3 survivors (3072K)
 Metaspace       used 56162K, committed 56640K, reserved 1114112K
  class space    used 7697K, committed 7936K, reserved 1048576K
}
Event: 24.479 GC heap before
{Heap before GC invocations=21 (full 0):
 garbage-first heap   total 71680K, used 53396K [0x0000000080000000, 0x0000000100000000)
  region size 1024K, 18 young (18432K), 3 survivors (3072K)
 Metaspace       used 56600K, committed 57152K, reserved 1114112K
  class space    used 7756K, committed 8000K, reserved 1048576K
}
Event: 24.492 GC heap after
{Heap after GC invocations=22 (full 0):
 garbage-first heap   total 71680K, used 42722K [0x0000000080000000, 0x0000000100000000)
  region size 1024K, 3 young (3072K), 3 survivors (3072K)
 Metaspace       used 56600K, committed 57152K, reserved 1114112K
  class space    used 7756K, committed 8000K, reserved 1048576K
}
Event: 24.528 GC heap before
{Heap before GC invocations=22 (full 0):
 garbage-first heap   total 71680K, used 43746K [0x0000000080000000, 0x0000000100000000)
  region size 1024K, 4 young (4096K), 3 survivors (3072K)
 Metaspace       used 56603K, committed 57152K, reserved 1114112K
  class space    used 7756K, committed 8000K, reserved 1048576K
}
Event: 24.535 GC heap after
{Heap after GC invocations=23 (full 0):
 garbage-first heap   total 71680K, used 42741K [0x0000000080000000, 0x0000000100000000)
  region size 1024K, 1 young (1024K), 1 survivors (1024K)
 Metaspace       used 56603K, committed 57152K, reserved 1114112K
  class space    used 7756K, committed 8000K, reserved 1048576K
}
Event: 24.872 GC heap before
{Heap before GC invocations=23 (full 0):
 garbage-first heap   total 71680K, used 55029K [0x0000000080000000, 0x0000000100000000)
  region size 1024K, 14 young (14336K), 1 survivors (1024K)
 Metaspace       used 56704K, committed 57216K, reserved 1114112K
  class space    used 7756K, committed 8000K, reserved 1048576K
}
Event: 24.879 GC heap after
{Heap after GC invocations=24 (full 0):
 garbage-first heap   total 71680K, used 45252K [0x0000000080000000, 0x0000000100000000)
  region size 1024K, 2 young (2048K), 2 survivors (2048K)
 Metaspace       used 56704K, committed 57216K, reserved 1114112K
  class space    used 7756K, committed 8000K, reserved 1048576K
}
Event: 25.294 GC heap before
{Heap before GC invocations=25 (full 0):
 garbage-first heap   total 87040K, used 56516K [0x0000000080000000, 0x0000000100000000)
  region size 1024K, 13 young (13312K), 2 survivors (2048K)
 Metaspace       used 56978K, committed 57536K, reserved 1114112K
  class space    used 7790K, committed 8064K, reserved 1048576K
}
Event: 25.303 GC heap after
{Heap after GC invocations=26 (full 0):
 garbage-first heap   total 87040K, used 46583K [0x0000000080000000, 0x0000000100000000)
  region size 1024K, 2 young (2048K), 2 survivors (2048K)
 Metaspace       used 56978K, committed 57536K, reserved 1114112K
  class space    used 7790K, committed 8064K, reserved 1048576K
}
Event: 25.390 GC heap before
{Heap before GC invocations=26 (full 0):
 garbage-first heap   total 87040K, used 48631K [0x0000000080000000, 0x0000000100000000)
  region size 1024K, 4 young (4096K), 2 survivors (2048K)
 Metaspace       used 56989K, committed 57536K, reserved 1114112K
  class space    used 7790K, committed 8064K, reserved 1048576K
}

