# JRE version: OpenJDK Runtime Environment (17.0.11) (build 17.0.11+0--11852314)
# Java VM: OpenJDK 64-Bit Server VM (17.0.11+0--11852314, mixed mode, tiered, compressed oops, compressed class ptrs, g1 gc, windows-amd64)
GC Precious Log:
 CPUs: 4 total, 4 available
 Memory: 8090M
 Large Page Support: Disabled
 NUMA Support: Disabled
 Compressed Oops: Enabled (32-bit)
 Heap Region Size: 1M
 Heap Min Capacity: 8M
 Heap Initial Capacity: 128M
 Heap Max Capacity: 2024M
 Pre-touch: Disabled
 Parallel Workers: 4
 Concurrent Workers: 1
 Concurrent Refinement Workers: 4
 Periodic GC: Disabled
Heap:
 garbage-first heap   total 53248K, used 32700K [0x0000000081800000, 0x0000000100000000)
  region size 1024K, 2 young (2048K), 2 survivors (2048K)
 Metaspace       used 52256K, committed 52416K, reserved 1114112K
  class space    used 6271K, committed 6336K, reserved 1048576K
GC Heap History (20 events):
Event: 6.245 GC heap after
{Heap after GC invocations=6 (full 0):
 garbage-first heap   total 41984K, used 18239K [0x0000000081800000, 0x0000000100000000)
  region size 1024K, 3 young (3072K), 3 survivors (3072K)
 Metaspace       used 29418K, committed 29632K, reserved 1114112K
  class space    used 3622K, committed 3712K, reserved 1048576K
}
Event: 6.779 GC heap before
{Heap before GC invocations=6 (full 0):
 garbage-first heap   total 41984K, used 28479K [0x0000000081800000, 0x0000000100000000)
  region size 1024K, 14 young (14336K), 3 survivors (3072K)
 Metaspace       used 32435K, committed 32704K, reserved 1114112K
  class space    used 4173K, committed 4288K, reserved 1048576K
}
Event: 6.795 GC heap after
{Heap after GC invocations=7 (full 0):
 garbage-first heap   total 41984K, used 20518K [0x0000000081800000, 0x0000000100000000)
  region size 1024K, 2 young (2048K), 2 survivors (2048K)
 Metaspace       used 32435K, committed 32704K, reserved 1114112K
  class space    used 4173K, committed 4288K, reserved 1048576K
}
Event: 7.225 GC heap before
{Heap before GC invocations=7 (full 0):
 garbage-first heap   total 41984K, used 29734K [0x0000000081800000, 0x0000000100000000)
  region size 1024K, 12 young (12288K), 2 survivors (2048K)
 Metaspace       used 34424K, committed 34624K, reserved 1114112K
  class space    used 4388K, committed 4480K, reserved 1048576K
}
Event: 7.236 GC heap after
{Heap after GC invocations=8 (full 0):
 garbage-first heap   total 41984K, used 20030K [0x0000000081800000, 0x0000000100000000)
  region size 1024K, 2 young (2048K), 2 survivors (2048K)
 Metaspace       used 34424K, committed 34624K, reserved 1114112K
  class space    used 4388K, committed 4480K, reserved 1048576K
}
Event: 7.780 GC heap before
{Heap before GC invocations=9 (full 0):
 garbage-first heap   total 41984K, used 30270K [0x0000000081800000, 0x0000000100000000)
  region size 1024K, 12 young (12288K), 2 survivors (2048K)
 Metaspace       used 36150K, committed 36416K, reserved 1114112K
  class space    used 4597K, committed 4736K, reserved 1048576K
}
Event: 7.788 GC heap after
{Heap after GC invocations=10 (full 0):
 garbage-first heap   total 41984K, used 21107K [0x0000000081800000, 0x0000000100000000)
  region size 1024K, 2 young (2048K), 2 survivors (2048K)
 Metaspace       used 36150K, committed 36416K, reserved 1114112K
  class space    used 4597K, committed 4736K, reserved 1048576K
}
Event: 7.833 GC heap before
{Heap before GC invocations=10 (full 0):
 garbage-first heap   total 41984K, used 22131K [0x0000000081800000, 0x0000000100000000)
  region size 1024K, 3 young (3072K), 2 survivors (2048K)
 Metaspace       used 36485K, committed 36736K, reserved 1114112K
  class space    used 4620K, committed 4736K, reserved 1048576K
}
Event: 7.843 GC heap after
{Heap after GC invocations=11 (full 0):
 garbage-first heap   total 52224K, used 19617K [0x0000000081800000, 0x0000000100000000)
  region size 1024K, 1 young (1024K), 1 survivors (1024K)
 Metaspace       used 36485K, committed 36736K, reserved 1114112K
  class space    used 4620K, committed 4736K, reserved 1048576K
}
Event: 8.568 GC heap before
{Heap before GC invocations=11 (full 0):
 garbage-first heap   total 52224K, used 34977K [0x0000000081800000, 0x0000000100000000)
  region size 1024K, 17 young (17408K), 1 survivors (1024K)
 Metaspace       used 39909K, committed 40128K, reserved 1114112K
  class space    used 4900K, committed 4992K, reserved 1048576K
}
Event: 8.577 GC heap after
{Heap after GC invocations=12 (full 0):
 garbage-first heap   total 52224K, used 21248K [0x0000000081800000, 0x0000000100000000)
  region size 1024K, 2 young (2048K), 2 survivors (2048K)
 Metaspace       used 39909K, committed 40128K, reserved 1114112K
  class space    used 4900K, committed 4992K, reserved 1048576K
}
Event: 9.592 GC heap before
{Heap before GC invocations=12 (full 0):
 garbage-first heap   total 52224K, used 37632K [0x0000000081800000, 0x0000000100000000)
  region size 1024K, 18 young (18432K), 2 survivors (2048K)
 Metaspace       used 44023K, committed 44224K, reserved 1114112K
  class space    used 5363K, committed 5440K, reserved 1048576K
}
Event: 9.602 GC heap after
{Heap after GC invocations=13 (full 0):
 garbage-first heap   total 52224K, used 22248K [0x0000000081800000, 0x0000000100000000)
  region size 1024K, 1 young (1024K), 1 survivors (1024K)
 Metaspace       used 44023K, committed 44224K, reserved 1114112K
  class space    used 5363K, committed 5440K, reserved 1048576K
}
Event: 10.723 GC heap before
{Heap before GC invocations=13 (full 0):
 garbage-first heap   total 52224K, used 39656K [0x0000000081800000, 0x0000000100000000)
  region size 1024K, 17 young (17408K), 1 survivors (1024K)
 Metaspace       used 46845K, committed 47040K, reserved 1114112K
  class space    used 5711K, committed 5824K, reserved 1048576K
}
Event: 10.740 GC heap after
{Heap after GC invocations=14 (full 0):
 garbage-first heap   total 52224K, used 27164K [0x0000000081800000, 0x0000000100000000)
  region size 1024K, 3 young (3072K), 3 survivors (3072K)
 Metaspace       used 46845K, committed 47040K, reserved 1114112K
  class space    used 5711K, committed 5824K, reserved 1048576K
}
Event: 11.489 GC heap before
{Heap before GC invocations=14 (full 0):
 garbage-first heap   total 52224K, used 38428K [0x0000000081800000, 0x0000000100000000)
  region size 1024K, 15 young (15360K), 3 survivors (3072K)
 Metaspace       used 49042K, committed 49280K, reserved 1114112K
  class space    used 5972K, committed 6080K, reserved 1048576K
}
Event: 11.506 GC heap after
{Heap after GC invocations=15 (full 0):
 garbage-first heap   total 52224K, used 29117K [0x0000000081800000, 0x0000000100000000)
  region size 1024K, 2 young (2048K), 2 survivors (2048K)
 Metaspace       used 49042K, committed 49280K, reserved 1114112K
  class space    used 5972K, committed 6080K, reserved 1048576K
}
Event: 12.154 GC heap before
{Heap before GC invocations=16 (full 0):
 garbage-first heap   total 53248K, used 38333K [0x0000000081800000, 0x0000000100000000)
  region size 1024K, 12 young (12288K), 2 survivors (2048K)
 Metaspace       used 51044K, committed 51264K, reserved 1114112K
  class space    used 6211K, committed 6272K, reserved 1048576K
}
Event: 12.167 GC heap after
{Heap after GC invocations=17 (full 0):
 garbage-first heap   total 53248K, used 30606K [0x0000000081800000, 0x0000000100000000)
  region size 1024K, 2 young (2048K), 2 survivors (2048K)
 Metaspace       used 51044K, committed 51264K, reserved 1114112K
  class space    used 6211K, committed 6272K, reserved 1048576K
}
Event: 13.183 GC heap before
{Heap before GC invocations=17 (full 0):
 garbage-first heap   total 53248K, used 39822K [0x0000000081800000, 0x0000000100000000)
  region size 1024K, 12 young (12288K), 2 survivors (2048K)
 Metaspace       used 52256K, committed 52416K, reserved 1114112K
  class space    used 6271K, committed 6336K, reserved 1048576K
}

