# JRE version: OpenJDK Runtime Environment (17.0.11) (build 17.0.11+0--11852314)
# Java VM: OpenJDK 64-Bit Server VM (17.0.11+0--11852314, mixed mode, tiered, compressed oops, compressed class ptrs, g1 gc, windows-amd64)
GC Precious Log:
 CPUs: 4 total, 4 available
 Memory: 8090M
 Large Page Support: Disabled
 NUMA Support: Disabled
 Compressed Oops: Enabled (32-bit)
 Heap Region Size: 1M
 Heap Min Capacity: 8M
 Heap Initial Capacity: 128M
 Heap Max Capacity: 2G
 Pre-touch: Disabled
 Parallel Workers: 4
 Concurrent Workers: 1
 Concurrent Refinement Workers: 4
 Periodic GC: Disabled
Heap:
 garbage-first heap   total 377856K, used 223969K [0x0000000080000000, 0x0000000100000000)
  region size 1024K, 4 young (4096K), 4 survivors (4096K)
 Metaspace       used 114582K, committed 115456K, reserved 1179648K
  class space    used 15869K, committed 16320K, reserved 1048576K
GC Heap History (20 events):
Event: 70.554 GC heap after
{Heap after GC invocations=45 (full 0):
 garbage-first heap   total 272384K, used 121459K [0x0000000080000000, 0x0000000100000000)
  region size 1024K, 7 young (7168K), 7 survivors (7168K)
 Metaspace       used 107948K, committed 108800K, reserved 1179648K
  class space    used 14914K, committed 15296K, reserved 1048576K
}
Event: 79.999 GC heap before
{Heap before GC invocations=45 (full 0):
 garbage-first heap   total 272384K, used 196211K [0x0000000080000000, 0x0000000100000000)
  region size 1024K, 51 young (52224K), 7 survivors (7168K)
 Metaspace       used 108428K, committed 109248K, reserved 1179648K
  class space    used 14977K, committed 15360K, reserved 1048576K
}
Event: 80.021 GC heap after
{Heap after GC invocations=46 (full 0):
 garbage-first heap   total 272384K, used 161644K [0x0000000080000000, 0x0000000100000000)
  region size 1024K, 14 young (14336K), 14 survivors (14336K)
 Metaspace       used 108428K, committed 109248K, reserved 1179648K
  class space    used 14977K, committed 15360K, reserved 1048576K
}
Event: 86.300 GC heap before
{Heap before GC invocations=47 (full 0):
 garbage-first heap   total 281600K, used 224108K [0x0000000080000000, 0x0000000100000000)
  region size 1024K, 73 young (74752K), 14 survivors (14336K)
 Metaspace       used 111658K, committed 112512K, reserved 1179648K
  class space    used 15444K, committed 15872K, reserved 1048576K
}
Event: 86.323 GC heap after
{Heap after GC invocations=48 (full 0):
 garbage-first heap   total 281600K, used 166671K [0x0000000080000000, 0x0000000100000000)
  region size 1024K, 5 young (5120K), 5 survivors (5120K)
 Metaspace       used 111658K, committed 112512K, reserved 1179648K
  class space    used 15444K, committed 15872K, reserved 1048576K
}
Event: 86.514 GC heap before
{Heap before GC invocations=48 (full 0):
 garbage-first heap   total 281600K, used 173839K [0x0000000080000000, 0x0000000100000000)
  region size 1024K, 13 young (13312K), 5 survivors (5120K)
 Metaspace       used 111778K, committed 112640K, reserved 1179648K
  class space    used 15465K, committed 15936K, reserved 1048576K
}
Event: 86.526 GC heap after
{Heap after GC invocations=49 (full 0):
 garbage-first heap   total 281600K, used 164757K [0x0000000080000000, 0x0000000100000000)
  region size 1024K, 1 young (1024K), 1 survivors (1024K)
 Metaspace       used 111778K, committed 112640K, reserved 1179648K
  class space    used 15465K, committed 15936K, reserved 1048576K
}
Event: 87.569 GC heap before
{Heap before GC invocations=49 (full 0):
 garbage-first heap   total 281600K, used 270229K [0x0000000080000000, 0x0000000100000000)
  region size 1024K, 41 young (41984K), 1 survivors (1024K)
 Metaspace       used 112286K, committed 113152K, reserved 1179648K
  class space    used 15543K, committed 16000K, reserved 1048576K
}
Event: 87.576 GC heap after
{Heap after GC invocations=50 (full 0):
 garbage-first heap   total 282624K, used 198962K [0x0000000080000000, 0x0000000100000000)
  region size 1024K, 9 young (9216K), 9 survivors (9216K)
 Metaspace       used 112286K, committed 113152K, reserved 1179648K
  class space    used 15543K, committed 16000K, reserved 1048576K
}
Event: 87.588 GC heap before
{Heap before GC invocations=50 (full 0):
 garbage-first heap   total 282624K, used 221490K [0x0000000080000000, 0x0000000100000000)
  region size 1024K, 13 young (13312K), 9 survivors (9216K)
 Metaspace       used 112286K, committed 113152K, reserved 1179648K
  class space    used 15543K, committed 16000K, reserved 1048576K
}
Event: 87.594 GC heap after
{Heap after GC invocations=51 (full 0):
 garbage-first heap   total 282624K, used 210874K [0x0000000080000000, 0x0000000100000000)
  region size 1024K, 2 young (2048K), 2 survivors (2048K)
 Metaspace       used 112286K, committed 113152K, reserved 1179648K
  class space    used 15543K, committed 16000K, reserved 1048576K
}
Event: 89.018 GC heap before
{Heap before GC invocations=51 (full 0):
 garbage-first heap   total 282624K, used 236474K [0x0000000080000000, 0x0000000100000000)
  region size 1024K, 25 young (25600K), 2 survivors (2048K)
 Metaspace       used 113256K, committed 114112K, reserved 1179648K
  class space    used 15686K, committed 16128K, reserved 1048576K
}
Event: 89.030 GC heap after
{Heap after GC invocations=52 (full 0):
 garbage-first heap   total 282624K, used 210787K [0x0000000080000000, 0x0000000100000000)
  region size 1024K, 4 young (4096K), 4 survivors (4096K)
 Metaspace       used 113256K, committed 114112K, reserved 1179648K
  class space    used 15686K, committed 16128K, reserved 1048576K
}
Event: 89.568 GC heap before
{Heap before GC invocations=52 (full 0):
 garbage-first heap   total 282624K, used 235363K [0x0000000080000000, 0x0000000100000000)
  region size 1024K, 29 young (29696K), 4 survivors (4096K)
 Metaspace       used 114019K, committed 114944K, reserved 1179648K
  class space    used 15786K, committed 16256K, reserved 1048576K
}
Event: 89.594 GC heap after
{Heap after GC invocations=53 (full 0):
 garbage-first heap   total 282624K, used 217125K [0x0000000080000000, 0x0000000100000000)
  region size 1024K, 4 young (4096K), 4 survivors (4096K)
 Metaspace       used 114019K, committed 114944K, reserved 1179648K
  class space    used 15786K, committed 16256K, reserved 1048576K
}
Event: 90.333 GC heap before
{Heap before GC invocations=54 (full 0):
 garbage-first heap   total 377856K, used 230437K [0x0000000080000000, 0x0000000100000000)
  region size 1024K, 18 young (18432K), 4 survivors (4096K)
 Metaspace       used 114321K, committed 115264K, reserved 1179648K
  class space    used 15836K, committed 16320K, reserved 1048576K
}
Event: 90.357 GC heap after
{Heap after GC invocations=55 (full 0):
 garbage-first heap   total 377856K, used 221036K [0x0000000080000000, 0x0000000100000000)
  region size 1024K, 3 young (3072K), 3 survivors (3072K)
 Metaspace       used 114321K, committed 115264K, reserved 1179648K
  class space    used 15836K, committed 16320K, reserved 1048576K
}
Event: 90.691 GC heap before
{Heap before GC invocations=55 (full 0):
 garbage-first heap   total 377856K, used 235372K [0x0000000080000000, 0x0000000100000000)
  region size 1024K, 18 young (18432K), 3 survivors (3072K)
 Metaspace       used 114528K, committed 115456K, reserved 1179648K
  class space    used 15860K, committed 16320K, reserved 1048576K
}
Event: 90.720 GC heap after
{Heap after GC invocations=56 (full 0):
 garbage-first heap   total 377856K, used 223271K [0x0000000080000000, 0x0000000100000000)
  region size 1024K, 3 young (3072K), 3 survivors (3072K)
 Metaspace       used 114528K, committed 115456K, reserved 1179648K
  class space    used 15860K, committed 16320K, reserved 1048576K
}
Event: 90.775 GC heap before
{Heap before GC invocations=56 (full 0):
 garbage-first heap   total 377856K, used 225319K [0x0000000080000000, 0x0000000100000000)
  region size 1024K, 6 young (6144K), 3 survivors (3072K)
 Metaspace       used 114582K, committed 115456K, reserved 1179648K
  class space    used 15869K, committed 16320K, reserved 1048576K
}

