# JRE version: OpenJDK Runtime Environment (17.0.11) (build 17.0.11+0--11852314)
# Java VM: OpenJDK 64-Bit Server VM (17.0.11+0--11852314, mixed mode, tiered, compressed oops, compressed class ptrs, g1 gc, windows-amd64)
GC Precious Log:
 CPUs: 4 total, 4 available
 Memory: 8090M
 Large Page Support: Disabled
 NUMA Support: Disabled
 Compressed Oops: Enabled (32-bit)
 Heap Region Size: 1M
 Heap Min Capacity: 8M
 Heap Initial Capacity: 128M
 Heap Max Capacity: 2G
 Pre-touch: Disabled
 Parallel Workers: 4
 Concurrent Workers: 1
 Concurrent Refinement Workers: 4
 Periodic GC: Disabled
Heap:
 garbage-first heap   total 84992K, used 65588K [0x0000000080000000, 0x0000000100000000)
  region size 1024K, 4 young (4096K), 1 survivors (1024K)
 Metaspace       used 57633K, committed 58176K, reserved 1114112K
  class space    used 7899K, committed 8128K, reserved 1048576K
GC Heap History (20 events):
Event: 18.084 GC heap before
{Heap before GC invocations=13 (full 0):
 garbage-first heap   total 68608K, used 54310K [0x0000000080000000, 0x0000000100000000)
  region size 1024K, 26 young (26624K), 4 survivors (4096K)
 Metaspace       used 47408K, committed 47808K, reserved 1114112K
  class space    used 6474K, committed 6656K, reserved 1048576K
}
Event: 18.095 GC heap after
{Heap after GC invocations=14 (full 0):
 garbage-first heap   total 68608K, used 33014K [0x0000000080000000, 0x0000000100000000)
  region size 1024K, 3 young (3072K), 3 survivors (3072K)
 Metaspace       used 47408K, committed 47808K, reserved 1114112K
  class space    used 6474K, committed 6656K, reserved 1048576K
}
Event: 19.276 GC heap before
{Heap before GC invocations=14 (full 0):
 garbage-first heap   total 68608K, used 54518K [0x0000000080000000, 0x0000000100000000)
  region size 1024K, 24 young (24576K), 3 survivors (3072K)
 Metaspace       used 50277K, committed 50688K, reserved 1114112K
  class space    used 6909K, committed 7104K, reserved 1048576K
}
Event: 19.285 GC heap after
{Heap after GC invocations=15 (full 0):
 garbage-first heap   total 68608K, used 34608K [0x0000000080000000, 0x0000000100000000)
  region size 1024K, 3 young (3072K), 3 survivors (3072K)
 Metaspace       used 50277K, committed 50688K, reserved 1114112K
  class space    used 6909K, committed 7104K, reserved 1048576K
}
Event: 20.268 GC heap before
{Heap before GC invocations=15 (full 0):
 garbage-first heap   total 68608K, used 52016K [0x0000000080000000, 0x0000000100000000)
  region size 1024K, 22 young (22528K), 3 survivors (3072K)
 Metaspace       used 52477K, committed 52928K, reserved 1114112K
  class space    used 7284K, committed 7488K, reserved 1048576K
}
Event: 20.277 GC heap after
{Heap after GC invocations=16 (full 0):
 garbage-first heap   total 68608K, used 35688K [0x0000000080000000, 0x0000000100000000)
  region size 1024K, 3 young (3072K), 3 survivors (3072K)
 Metaspace       used 52477K, committed 52928K, reserved 1114112K
  class space    used 7284K, committed 7488K, reserved 1048576K
}
Event: 21.600 GC heap before
{Heap before GC invocations=17 (full 0):
 garbage-first heap   total 68608K, used 57192K [0x0000000080000000, 0x0000000100000000)
  region size 1024K, 22 young (22528K), 3 survivors (3072K)
 Metaspace       used 55279K, committed 55808K, reserved 1114112K
  class space    used 7616K, committed 7872K, reserved 1048576K
}
Event: 21.610 GC heap after
{Heap after GC invocations=18 (full 0):
 garbage-first heap   total 82944K, used 36695K [0x0000000080000000, 0x0000000100000000)
  region size 1024K, 3 young (3072K), 3 survivors (3072K)
 Metaspace       used 55279K, committed 55808K, reserved 1114112K
  class space    used 7616K, committed 7872K, reserved 1048576K
}
Event: 21.689 GC heap before
{Heap before GC invocations=18 (full 0):
 garbage-first heap   total 82944K, used 37719K [0x0000000080000000, 0x0000000100000000)
  region size 1024K, 4 young (4096K), 3 survivors (3072K)
 Metaspace       used 55370K, committed 55872K, reserved 1114112K
  class space    used 7632K, committed 7872K, reserved 1048576K
}
Event: 21.698 GC heap after
{Heap after GC invocations=19 (full 0):
 garbage-first heap   total 82944K, used 36250K [0x0000000080000000, 0x0000000100000000)
  region size 1024K, 1 young (1024K), 1 survivors (1024K)
 Metaspace       used 55370K, committed 55872K, reserved 1114112K
  class space    used 7632K, committed 7872K, reserved 1048576K
}
Event: 23.648 GC heap before
{Heap before GC invocations=19 (full 0):
 garbage-first heap   total 82944K, used 64922K [0x0000000080000000, 0x0000000100000000)
  region size 1024K, 30 young (30720K), 1 survivors (1024K)
 Metaspace       used 56571K, committed 57088K, reserved 1114112K
  class space    used 7758K, committed 8000K, reserved 1048576K
}
Event: 23.663 GC heap after
{Heap after GC invocations=20 (full 0):
 garbage-first heap   total 82944K, used 42127K [0x0000000080000000, 0x0000000100000000)
  region size 1024K, 4 young (4096K), 4 survivors (4096K)
 Metaspace       used 56571K, committed 57088K, reserved 1114112K
  class space    used 7758K, committed 8000K, reserved 1048576K
}
Event: 24.337 GC heap before
{Heap before GC invocations=20 (full 0):
 garbage-first heap   total 82944K, used 63631K [0x0000000080000000, 0x0000000100000000)
  region size 1024K, 26 young (26624K), 4 survivors (4096K)
 Metaspace       used 56752K, committed 57280K, reserved 1114112K
  class space    used 7758K, committed 8000K, reserved 1048576K
}
Event: 24.350 GC heap after
{Heap after GC invocations=21 (full 0):
 garbage-first heap   total 82944K, used 44428K [0x0000000080000000, 0x0000000100000000)
  region size 1024K, 4 young (4096K), 4 survivors (4096K)
 Metaspace       used 56752K, committed 57280K, reserved 1114112K
  class space    used 7758K, committed 8000K, reserved 1048576K
}
Event: 25.190 GC heap before
{Heap before GC invocations=22 (full 0):
 garbage-first heap   total 83968K, used 73100K [0x0000000080000000, 0x0000000100000000)
  region size 1024K, 23 young (23552K), 4 survivors (4096K)
 Metaspace       used 57413K, committed 57920K, reserved 1114112K
  class space    used 7864K, committed 8128K, reserved 1048576K
}
Event: 25.201 GC heap after
{Heap after GC invocations=23 (full 0):
 garbage-first heap   total 84992K, used 60816K [0x0000000080000000, 0x0000000100000000)
  region size 1024K, 3 young (3072K), 3 survivors (3072K)
 Metaspace       used 57413K, committed 57920K, reserved 1114112K
  class space    used 7864K, committed 8128K, reserved 1048576K
}
Event: 25.216 GC heap before
{Heap before GC invocations=23 (full 0):
 garbage-first heap   total 84992K, used 62864K [0x0000000080000000, 0x0000000100000000)
  region size 1024K, 4 young (4096K), 3 survivors (3072K)
 Metaspace       used 57413K, committed 57920K, reserved 1114112K
  class space    used 7864K, committed 8128K, reserved 1048576K
}
Event: 25.224 GC heap after
{Heap after GC invocations=24 (full 0):
 garbage-first heap   total 84992K, used 61190K [0x0000000080000000, 0x0000000100000000)
  region size 1024K, 1 young (1024K), 1 survivors (1024K)
 Metaspace       used 57413K, committed 57920K, reserved 1114112K
  class space    used 7864K, committed 8128K, reserved 1048576K
}
Event: 25.311 GC heap before
{Heap before GC invocations=24 (full 0):
 garbage-first heap   total 84992K, used 63238K [0x0000000080000000, 0x0000000100000000)
  region size 1024K, 4 young (4096K), 1 survivors (1024K)
 Metaspace       used 57451K, committed 58048K, reserved 1114112K
  class space    used 7868K, committed 8128K, reserved 1048576K
}
Event: 25.314 GC heap after
{Heap after GC invocations=25 (full 0):
 garbage-first heap   total 84992K, used 62516K [0x0000000080000000, 0x0000000100000000)
  region size 1024K, 1 young (1024K), 1 survivors (1024K)
 Metaspace       used 57451K, committed 58048K, reserved 1114112K
  class space    used 7868K, committed 8128K, reserved 1048576K
}

